curl: option --retry-all-errors: is unknown
curl: try 'curl --help' or 'curl --manual' for more information
curl: (22) The requested URL returned error: 404 Not Found
Importing private key
INFO [12-15|14:42:46.118] Maximum peer count                       ETH=50 LES=0 total=50
INFO [12-15|14:42:46.118] Smartcard socket not found, disabling    err="stat /run/pcscd/pcscd.comm: no such file or directory"
Fatal: Could not create the account: account already exists
Initializing Geth node
invalid command: "/home/save-dev/saveio/optimism-dev-env/l2geth"
Starting Geth node
invalid command: "/home/save-dev/saveio/optimism-dev-env/l2geth"
curl: option --retry-all-errors: is unknown
curl: try 'curl --help' or 'curl --manual' for more information
curl: (22) The requested URL returned error: 404 Not Found
Importing private key
INFO [12-15|14:43:13.303] Maximum peer count                       ETH=50 LES=0 total=50
INFO [12-15|14:43:13.303] Smartcard socket not found, disabling    err="stat /run/pcscd/pcscd.comm: no such file or directory"
Fatal: Could not create the account: account already exists
Initializing Geth node
INFO [12-15|14:43:13.355] Maximum peer count                       ETH=50 LES=0 total=50
INFO [12-15|14:43:13.355] Smartcard socket not found, disabling    err="stat /run/pcscd/pcscd.comm: no such file or directory"
DEBUG[12-15|14:43:13.355] FS scan times                            list=59.334µs set=5.43µs diff=2.604µs
TRACE[12-15|14:43:13.355] Handled keystore changes                 time=74.887µs
DEBUG[12-15|14:43:13.355] FS scan times                            list=20.479µs set=2.907µs diff=1.696µs
TRACE[12-15|14:43:13.355] Started watching keystore folder         path=/home/save-dev/saveio/optimism-dev-env/l2geth/data/keystore
INFO [12-15|14:43:13.355] Allocated cache and file handles         database=/home/save-dev/saveio/optimism-dev-env/l2geth/data/geth/chaindata cache=16.00MiB handles=16
INFO [12-15|14:43:13.365] Persisted trie from memory database      nodes=50 size=31.28KiB time=234.504µs gcnodes=0 gcsize=0.00B gctime=0s livenodes=1 livesize=-1024.00B
INFO [12-15|14:43:13.371] Successfully wrote genesis state         database=chaindata hash=b983fe…de473a
INFO [12-15|14:43:13.371] Allocated cache and file handles         database=/home/save-dev/saveio/optimism-dev-env/l2geth/data/geth/lightchaindata cache=16.00MiB handles=16
INFO [12-15|14:43:13.379] Persisted trie from memory database      nodes=50 size=31.28KiB time=115.038µs gcnodes=0 gcsize=0.00B gctime=0s livenodes=1 livesize=-1024.00B
INFO [12-15|14:43:13.380] Successfully wrote genesis state         database=lightchaindata hash=b983fe…de473a
Starting Geth node
DEBUG[12-15|14:43:13.431] Sanitizing Go's GC trigger               percent=100
INFO [12-15|14:43:13.432] Maximum peer count                       ETH=50 LES=0 total=50
INFO [12-15|14:43:13.432] Smartcard socket not found, disabling    err="stat /run/pcscd/pcscd.comm: no such file or directory"
TRACE[12-15|14:43:13.432] Started watching keystore folder         path=/home/save-dev/saveio/optimism-dev-env/l2geth/data/keystore
DEBUG[12-15|14:43:13.432] FS scan times                            list=298.765µs set=7.304µs diff=2.81µs
TRACE[12-15|14:43:13.433] Handled keystore changes                 time=63.291µs
INFO [12-15|14:43:13.433] Starting peer-to-peer node               instance=Geth/v1.9.10-stable/linux-amd64/go1.19.2
INFO [12-15|14:43:13.433] Allocated trie memory caches             clean=512.00MiB dirty=0.00B
INFO [12-15|14:43:13.433] Allocated cache and file handles         database=/home/save-dev/saveio/optimism-dev-env/l2geth/data/geth/chaindata cache=512.00MiB handles=524288
DEBUG[12-15|14:43:13.446] Chain freezer table opened               database=/home/save-dev/saveio/optimism-dev-env/l2geth/data/geth/chaindata/ancient table=headers items=0 size=0.00B
DEBUG[12-15|14:43:13.447] Chain freezer table opened               database=/home/save-dev/saveio/optimism-dev-env/l2geth/data/geth/chaindata/ancient table=hashes  items=0 size=0.00B
DEBUG[12-15|14:43:13.447] Chain freezer table opened               database=/home/save-dev/saveio/optimism-dev-env/l2geth/data/geth/chaindata/ancient table=bodies  items=0 size=0.00B
DEBUG[12-15|14:43:13.447] Chain freezer table opened               database=/home/save-dev/saveio/optimism-dev-env/l2geth/data/geth/chaindata/ancient table=receipts items=0 size=0.00B
DEBUG[12-15|14:43:13.447] Chain freezer table opened               database=/home/save-dev/saveio/optimism-dev-env/l2geth/data/geth/chaindata/ancient table=diffs    items=0 size=0.00B
INFO [12-15|14:43:13.447] Opened ancient database                  database=/home/save-dev/saveio/optimism-dev-env/l2geth/data/geth/chaindata/ancient
INFO [12-15|14:43:13.447] Initialised chain configuration          config="{ChainID: 17 Homestead: 0 DAO: <nil> DAOSupport: false EIP150: 0 EIP155: 0 EIP158: 0 Byzantium: 0 Constantinople: 0 Petersburg: 0 Istanbul: 0, Muir Glacier: 0, Berlin: 0, Engine: clique}"
INFO [12-15|14:43:13.447] Initialising Ethereum protocol           versions="[64 63]" network=17 dbversion=7
INFO [12-15|14:43:13.448] Loaded most recent local header          number=0 hash=b983fe…de473a td=1 age=53y8mo3w
INFO [12-15|14:43:13.448] Loaded most recent local full block      number=0 hash=b983fe…de473a td=1 age=53y8mo3w
INFO [12-15|14:43:13.448] Loaded most recent local fast block      number=0 hash=b983fe…de473a td=1 age=53y8mo3w
DEBUG[12-15|14:43:13.448] Reinjecting stale transactions           count=0
INFO [12-15|14:43:13.449] Loaded local transaction journal         transactions=0 dropped=0
INFO [12-15|14:43:13.449] Regenerated local transaction journal    transactions=0 accounts=0
INFO [12-15|14:43:13.449] Running in sequencer mode                sync-backend=l1
INFO [12-15|14:43:13.449] Fees                                     threshold-up=1.1 threshold-down=0.9
INFO [12-15|14:43:13.449] Enforce Fees                             set=true
INFO [12-15|14:43:13.449] Configured rollup client                 url=http://127.0.0.1:7878 chain-id=17 ctc-deploy-height=8
INFO [12-15|14:43:16.620] Connected to upstream service 
INFO [12-15|14:43:16.624] Initializing initial OVM Context         ctc-deploy-height=8
INFO [12-15|14:43:22.179] Initialized Latest L1 Info               blocknumber=8 timestamp=1667884729
INFO [12-15|14:43:22.179] Initial Rollup State                     state=0x7d22ff8d4050a11d0304b8e3bafc4e0f672541e05fa5dbaa50c2af3f7a697269 index=<nil> queue-index=<nil> verified-index=<nil>
INFO [12-15|14:43:22.179] Setting sync status                      status=true
INFO [12-15|14:43:22.194] Allocated fast sync bloom                size=512.00MiB
INFO [12-15|14:43:22.194] Backend Config                           max-calldata-size=127000 gas-limit=15000000 is-verifier=false using-ovm=true
TRACE[12-15|14:43:22.206] Loaded voting snapshot from disk         number=0 hash=b983fe…de473a
DEBUG[12-15|14:43:22.206] InProc registered                        namespace=admin
DEBUG[12-15|14:43:22.207] InProc registered                        namespace=admin
DEBUG[12-15|14:43:22.207] InProc registered                        namespace=debug
DEBUG[12-15|14:43:22.207] InProc registered                        namespace=web3
DEBUG[12-15|14:43:22.207] InProc registered                        namespace=eth
DEBUG[12-15|14:43:22.207] InProc registered                        namespace=eth
DEBUG[12-15|14:43:22.207] InProc registered                        namespace=eth
DEBUG[12-15|14:43:22.208] InProc registered                        namespace=rollup
DEBUG[12-15|14:43:22.208] InProc registered                        namespace=rollup_personal
DEBUG[12-15|14:43:22.208] InProc registered                        namespace=txpool
DEBUG[12-15|14:43:22.208] InProc registered                        namespace=debug
DEBUG[12-15|14:43:22.208] InProc registered                        namespace=debug
DEBUG[12-15|14:43:22.208] InProc registered                        namespace=eth
DEBUG[12-15|14:43:22.208] InProc registered                        namespace=personal
DEBUG[12-15|14:43:22.208] InProc registered                        namespace=clique
DEBUG[12-15|14:43:22.208] InProc registered                        namespace=eth
DEBUG[12-15|14:43:22.208] InProc registered                        namespace=eth
DEBUG[12-15|14:43:22.208] InProc registered                        namespace=eth
DEBUG[12-15|14:43:22.208] InProc registered                        namespace=miner
DEBUG[12-15|14:43:22.208] InProc registered                        namespace=eth
DEBUG[12-15|14:43:22.208] InProc registered                        namespace=admin
DEBUG[12-15|14:43:22.209] InProc registered                        namespace=debug
DEBUG[12-15|14:43:22.209] InProc registered                        namespace=debug
DEBUG[12-15|14:43:22.209] InProc registered                        namespace=net
DEBUG[12-15|14:43:22.209] HTTP registered                          namespace=debug
DEBUG[12-15|14:43:22.209] HTTP registered                          namespace=web3
DEBUG[12-15|14:43:22.209] HTTP registered                          namespace=eth
DEBUG[12-15|14:43:22.209] HTTP registered                          namespace=eth
DEBUG[12-15|14:43:22.209] HTTP registered                          namespace=eth
DEBUG[12-15|14:43:22.209] HTTP registered                          namespace=rollup
DEBUG[12-15|14:43:22.209] HTTP registered                          namespace=debug
DEBUG[12-15|14:43:22.209] HTTP registered                          namespace=debug
DEBUG[12-15|14:43:22.209] HTTP registered                          namespace=eth
DEBUG[12-15|14:43:22.209] HTTP registered                          namespace=eth
DEBUG[12-15|14:43:22.209] HTTP registered                          namespace=eth
DEBUG[12-15|14:43:22.209] HTTP registered                          namespace=eth
DEBUG[12-15|14:43:22.209] HTTP registered                          namespace=eth
DEBUG[12-15|14:43:22.209] HTTP registered                          namespace=debug
DEBUG[12-15|14:43:22.209] HTTP registered                          namespace=debug
DEBUG[12-15|14:43:22.209] HTTP registered                          namespace=net
INFO [12-15|14:43:22.210] HTTP endpoint opened                     url=http://0.0.0.0:8545   cors=* vhosts=*
DEBUG[12-15|14:43:22.210] WebSocket registered                     service=&{stack:0xc000280280} namespace=web3
DEBUG[12-15|14:43:22.210] WebSocket registered                     service=&{b:0xc000555580}     namespace=eth
DEBUG[12-15|14:43:22.210] WebSocket registered                     service=&{b:0xc000555580}     namespace=eth
DEBUG[12-15|14:43:22.210] WebSocket registered                     service="&{b:0xc000555580 nonceLock:0xc0001a45d0}" namespace=eth
DEBUG[12-15|14:43:22.210] WebSocket registered                     service=&{b:0xc000555580}     namespace=rollup
DEBUG[12-15|14:43:22.210] WebSocket registered                     service=&{am:0xc00019a000}    namespace=eth
DEBUG[12-15|14:43:22.210] WebSocket registered                     service=&{e:0xc000566c40}     namespace=eth
DEBUG[12-15|14:43:22.210] WebSocket registered                     service=&{e:0xc000566c40}     namespace=eth
DEBUG[12-15|14:43:22.210] WebSocket registered                     service="&{d:0xc00018c000 mux:0xc000114810 installSyncSubscription:0xc000049f80 uninstallSyncSubscription:0xc000316300}" namespace=eth
DEBUG[12-15|14:43:22.210] WebSocket registered                     service="&{backend:0xc000555580 mux:<nil> quit:<nil> chainDb:0xc0001ee2e0 events:0xc00045e0b0 filtersMu:{state:0 sema:0} filters:map[]}" namespace=eth
DEBUG[12-15|14:43:22.210] WebSocket registered                     service="&{net:0xc000281180 networkVersion:17}" namespace=net
DEBUG[12-15|14:43:22.210] Allowed origin(s) for WS RPC interface [*] 
INFO [12-15|14:43:22.210] WebSocket endpoint opened                url=ws://[::]:8546
DEBUG[12-15|14:43:22.207] TCP listener up                          addr=[::]:30303
INFO [12-15|14:43:22.207] New local node record                    seq=2 id=799035c86f41ec55 ip=127.0.0.1 udp=0 tcp=30303
INFO [12-15|14:43:22.227] Started P2P networking                   self="enode://4fcad10ff8545aa11d660f0105787426bbd942c48de7c2b05474f5b631a57937ecab22402ac4f8bb7c7246dc278f2dd13f306b354c8cd20dd3eb94e70cb1971f@127.0.0.1:30303?discport=0"
INFO [12-15|14:43:22.318] Initialized fast sync bloom              items=50 errorrate=0.000 elapsed=123.460ms
INFO [12-15|14:43:23.342] Unlocked account                         address=0x00000398232E2064F896018496b4b44b3D62751F
INFO [12-15|14:43:23.343] Transaction pool price threshold updated price=0
INFO [12-15|14:43:23.343] Transaction pool price threshold updated price=0
INFO [12-15|14:43:23.343] Initializing Sync Service 
INFO [12-15|14:43:23.343] Set L2 Gas Price                         gasprice=1
INFO [12-15|14:43:23.343] Set L1 Gas Price                         gasprice=1
INFO [12-15|14:43:23.343] Set batch overhead                       overhead=2750
INFO [12-15|14:43:23.343] Set scalar                               scalar=1.5
INFO [12-15|14:43:23.350] Setting sync status                      status=false
INFO [12-15|14:43:23.350] Starting Sequencer Loop                  poll-interval=500ms timestamp-refresh-threshold=5s
DEBUG[12-15|14:43:24.308] Couldn't add port mapping                proto=tcp extport=30303 intport=30303 interface="UPnP or NAT-PMP" err="no UPnP or NAT-PMP router discovered"
INFO [12-15|14:43:27.676] Updating L1 block number                 blocknumber=251689
INFO [12-15|14:43:53.126] Updating L1 block number                 blocknumber=251691
INFO [12-15|14:44:41.179] Updating L1 block number                 blocknumber=251692
INFO [12-15|14:45:37.170] Updating L1 block number                 blocknumber=251693
INFO [12-15|14:45:39.680] Updating L1 block number                 blocknumber=251698
INFO [12-15|14:46:05.027] Updating L1 block number                 blocknumber=251701
INFO [12-15|14:46:24.996] Updating L1 block number                 blocknumber=251702
INFO [12-15|14:46:41.507] Updating L1 block number                 blocknumber=251703
INFO [12-15|14:46:47.592] Updating L1 block number                 blocknumber=251704
INFO [12-15|14:47:15.917] Updating L1 block number                 blocknumber=251705
INFO [12-15|14:47:22.790] Updating L1 block number                 blocknumber=251706
INFO [12-15|14:47:24.562] Updating L1 block number                 blocknumber=251707
INFO [12-15|14:47:37.251] Updating L1 block number                 blocknumber=251709
INFO [12-15|14:48:37.324] Updating L1 block number                 blocknumber=251710
INFO [12-15|14:49:15.686] Updating L1 block number                 blocknumber=251711
INFO [12-15|14:49:29.480] Updating L1 block number                 blocknumber=251712
INFO [12-15|14:49:36.040] Updating L1 block number                 blocknumber=251713
INFO [12-15|14:50:14.550] Updating L1 block number                 blocknumber=251714
INFO [12-15|14:50:24.357] Updating L1 block number                 blocknumber=251715
INFO [12-15|14:50:28.689] Updating L1 block number                 blocknumber=251716
INFO [12-15|14:51:06.190] Updating L1 block number                 blocknumber=251717
INFO [12-15|14:51:45.819] Updating L1 block number                 blocknumber=251718
INFO [12-15|14:52:01.362] Updating L1 block number                 blocknumber=251719
INFO [12-15|14:52:10.736] Updating L1 block number                 blocknumber=251720
INFO [12-15|14:52:13.256] Updating L1 block number                 blocknumber=251721
INFO [12-15|14:52:50.396] Updating L1 block number                 blocknumber=251722
INFO [12-15|14:52:52.142] Updating L1 block number                 blocknumber=251723
INFO [12-15|14:52:55.457] Updating L1 block number                 blocknumber=251724
INFO [12-15|14:53:17.121] Updating L1 block number                 blocknumber=251725
INFO [12-15|14:53:24.677] Updating L1 block number                 blocknumber=251726
INFO [12-15|14:53:29.722] Updating L1 block number                 blocknumber=251727
INFO [12-15|14:54:00.344] Updating L1 block number                 blocknumber=251728
INFO [12-15|14:54:03.076] Updating L1 block number                 blocknumber=251730
INFO [12-15|14:54:33.904] Updating L1 block number                 blocknumber=251731
INFO [12-15|14:54:37.418] Updating L1 block number                 blocknumber=251732
INFO [12-15|14:54:51.502] Updating L1 block number                 blocknumber=251733
INFO [12-15|14:55:17.431] Updating L1 block number                 blocknumber=251734
INFO [12-15|14:55:50.831] Updating L1 block number                 blocknumber=251736
INFO [12-15|14:57:32.288] Updating L1 block number                 blocknumber=251737
INFO [12-15|14:57:47.563] Updating L1 block number                 blocknumber=251738
INFO [12-15|14:58:06.147] Updating L1 block number                 blocknumber=251740
TRACE[12-15|14:58:22.207] Refreshing port mapping                  proto=tcp extport=30303 intport=30303 interface="UPnP or NAT-PMP"
DEBUG[12-15|14:58:22.208] Couldn't add port mapping                proto=tcp extport=30303 intport=30303 interface="UPnP or NAT-PMP" err="no UPnP or NAT-PMP router discovered"
INFO [12-15|14:58:24.071] Updating L1 block number                 blocknumber=251741
ERROR[12-15|14:59:31.625] Could not update execution context       error="Cannot get eth context: Cannot fetch eth context: 400 cannot GET http://127.0.0.1:7878/eth/context/latest: http error"
INFO [12-15|14:59:48.651] Updating L1 block number                 blocknumber=251742
INFO [12-15|14:59:50.854] Updating L1 block number                 blocknumber=251743
INFO [12-15|15:00:24.792] Updating L1 block number                 blocknumber=251744
INFO [12-15|15:01:05.499] Updating L1 block number                 blocknumber=251745
INFO [12-15|15:01:41.293] Updating L1 block number                 blocknumber=251746
INFO [12-15|15:01:51.041] Updating L1 block number                 blocknumber=251747
INFO [12-15|15:02:04.905] Updating L1 block number                 blocknumber=251748
INFO [12-15|15:02:14.031] Updating L1 block number                 blocknumber=251750
INFO [12-15|15:02:53.845] Updating L1 block number                 blocknumber=251752
INFO [12-15|15:03:25.506] Updating L1 block number                 blocknumber=251753
INFO [12-15|15:04:14.444] Updating L1 block number                 blocknumber=251754
INFO [12-15|15:06:19.268] Updating L1 block number                 blocknumber=251759
INFO [12-15|15:06:30.842] Updating L1 block number                 blocknumber=251768
INFO [12-15|15:07:23.853] Updating L1 block number                 blocknumber=251771
INFO [12-15|15:07:36.098] Updating L1 block number                 blocknumber=251772
INFO [12-15|15:07:39.347] Updating L1 block number                 blocknumber=251773
INFO [12-15|15:07:47.484] Updating L1 block number                 blocknumber=251774
INFO [12-15|15:08:05.063] Updating L1 block number                 blocknumber=251776
ERROR[12-15|15:08:37.631] Could not update execution context       error="Cannot get eth context: Cannot fetch eth context: 400 cannot GET http://127.0.0.1:7878/eth/context/latest: http error"
INFO [12-15|15:08:54.706] Updating L1 block number                 blocknumber=251781
INFO [12-15|15:08:56.185] Updating L1 block number                 blocknumber=251782
INFO [12-15|15:09:09.341] Updating L1 block number                 blocknumber=251783
INFO [12-15|15:09:18.339] Updating L1 block number                 blocknumber=251784
INFO [12-15|15:09:27.003] Updating L1 block number                 blocknumber=251787
INFO [12-15|15:10:07.565] Updating L1 block number                 blocknumber=251788
INFO [12-15|15:10:29.936] Updating L1 block number                 blocknumber=251789
INFO [12-15|15:11:01.695] Updating L1 block number                 blocknumber=251790
INFO [12-15|15:11:21.528] Updating L1 block number                 blocknumber=251791
